0 info it worked if it ends with ok
1 verbose cli [ '/usr/local/bin/node', '/usr/local/bin/npm', 'i' ]
2 info using npm@3.10.10
3 info using node@v6.10.3
4 silly loadCurrentTree Starting
5 silly install loadCurrentTree
6 silly install readLocalPackageData
7 silly install normalizeTree
8 silly loadCurrentTree Finishing
9 silly loadIdealTree Starting
10 silly install loadIdealTree
11 silly cloneCurrentTree Starting
12 silly install cloneCurrentTreeToIdealTree
13 silly cloneCurrentTree Finishing
14 silly loadShrinkwrap Starting
15 silly install loadShrinkwrap
16 silly loadShrinkwrap Finishing
17 silly loadAllDepsIntoIdealTree Starting
18 silly install loadAllDepsIntoIdealTree
19 silly fetchNamedPackageData react
20 silly mapToRegistry name react
21 silly mapToRegistry using default registry
22 silly mapToRegistry registry https://registry.npmjs.org/
23 silly mapToRegistry data Result {
23 silly mapToRegistry   raw: 'react',
23 silly mapToRegistry   scope: null,
23 silly mapToRegistry   escapedName: 'react',
23 silly mapToRegistry   name: 'react',
23 silly mapToRegistry   rawSpec: '',
23 silly mapToRegistry   spec: 'latest',
23 silly mapToRegistry   type: 'tag' }
24 silly mapToRegistry uri https://registry.npmjs.org/react
25 silly fetchNamedPackageData classnames
26 silly mapToRegistry name classnames
27 silly mapToRegistry using default registry
28 silly mapToRegistry registry https://registry.npmjs.org/
29 silly mapToRegistry data Result {
29 silly mapToRegistry   raw: 'classnames',
29 silly mapToRegistry   scope: null,
29 silly mapToRegistry   escapedName: 'classnames',
29 silly mapToRegistry   name: 'classnames',
29 silly mapToRegistry   rawSpec: '',
29 silly mapToRegistry   spec: 'latest',
29 silly mapToRegistry   type: 'tag' }
30 silly mapToRegistry uri https://registry.npmjs.org/classnames
31 verbose request uri https://registry.npmjs.org/react
32 verbose request no auth needed
33 info attempt registry request try #1 at 3:57:58 PM
34 verbose request id 840715f2e697becf
35 http request GET https://registry.npmjs.org/react
36 verbose request uri https://registry.npmjs.org/classnames
37 verbose request no auth needed
38 info attempt registry request try #1 at 3:57:58 PM
39 http request GET https://registry.npmjs.org/classnames
40 info retry will retry, error on last attempt: Error: connect ETIMEDOUT 151.101.76.162:443
41 info retry will retry, error on last attempt: Error: connect ETIMEDOUT 151.101.76.162:443
42 info attempt registry request try #2 at 3:58:17 PM
43 http request GET https://registry.npmjs.org/classnames
44 info attempt registry request try #2 at 3:58:17 PM
45 http request GET https://registry.npmjs.org/react
46 info retry will retry, error on last attempt: Error: connect ETIMEDOUT 151.101.76.162:443
47 info retry will retry, error on last attempt: Error: connect ETIMEDOUT 151.101.76.162:443
48 info attempt registry request try #3 at 3:59:25 PM
49 http request GET https://registry.npmjs.org/react
50 info attempt registry request try #3 at 3:59:25 PM
51 http request GET https://registry.npmjs.org/classnames
52 http 200 https://registry.npmjs.org/react
53 verbose headers { server: 'nginx/1.10.1',
53 verbose headers   'content-type': 'application/json',
53 verbose headers   'last-modified': 'Wed, 27 Sep 2017 22:27:48 GMT',
53 verbose headers   etag: 'W/"59cc25e4-30366"',
53 verbose headers   'content-encoding': 'gzip',
53 verbose headers   'cache-control': 'max-age=300',
53 verbose headers   'content-length': '18665',
53 verbose headers   'accept-ranges': 'bytes',
53 verbose headers   date: 'Thu, 28 Sep 2017 07:59:26 GMT',
53 verbose headers   via: '1.1 varnish',
53 verbose headers   age: '172',
53 verbose headers   connection: 'keep-alive',
53 verbose headers   'x-served-by': 'cache-hkg17934-HKG',
53 verbose headers   'x-cache': 'HIT',
53 verbose headers   'x-cache-hits': '1',
53 verbose headers   'x-timer': 'S1506585567.563898,VS0,VE0',
53 verbose headers   vary: 'Accept-Encoding, Accept' }
54 silly get cb [ 200,
54 silly get   { server: 'nginx/1.10.1',
54 silly get     'content-type': 'application/json',
54 silly get     'last-modified': 'Wed, 27 Sep 2017 22:27:48 GMT',
54 silly get     etag: 'W/"59cc25e4-30366"',
54 silly get     'content-encoding': 'gzip',
54 silly get     'cache-control': 'max-age=300',
54 silly get     'content-length': '18665',
54 silly get     'accept-ranges': 'bytes',
54 silly get     date: 'Thu, 28 Sep 2017 07:59:26 GMT',
54 silly get     via: '1.1 varnish',
54 silly get     age: '172',
54 silly get     connection: 'keep-alive',
54 silly get     'x-served-by': 'cache-hkg17934-HKG',
54 silly get     'x-cache': 'HIT',
54 silly get     'x-cache-hits': '1',
54 silly get     'x-timer': 'S1506585567.563898,VS0,VE0',
54 silly get     vary: 'Accept-Encoding, Accept' } ]
55 verbose get saving react to /Users/alex/.npm/registry.npmjs.org/react/.cache.json
56 verbose correctMkdir /Users/alex/.npm correctMkdir not in flight; initializing
57 silly resolveWithNewModule react@15.6.2 checking installable status
58 silly cache add args [ 'react@^15.0.1', null ]
59 verbose cache add spec react@^15.0.1
60 silly cache add parsed spec Result {
60 silly cache add   raw: 'react@^15.0.1',
60 silly cache add   scope: null,
60 silly cache add   escapedName: 'react',
60 silly cache add   name: 'react',
60 silly cache add   rawSpec: '^15.0.1',
60 silly cache add   spec: '>=15.0.1 <16.0.0',
60 silly cache add   type: 'range' }
61 silly addNamed react@>=15.0.1 <16.0.0
62 verbose addNamed ">=15.0.1 <16.0.0" is a valid semver range for react
63 silly addNameRange { name: 'react', range: '>=15.0.1 <16.0.0', hasData: false }
64 silly mapToRegistry name react
65 silly mapToRegistry using default registry
66 silly mapToRegistry registry https://registry.npmjs.org/
67 silly mapToRegistry data Result {
67 silly mapToRegistry   raw: 'react',
67 silly mapToRegistry   scope: null,
67 silly mapToRegistry   escapedName: 'react',
67 silly mapToRegistry   name: 'react',
67 silly mapToRegistry   rawSpec: '',
67 silly mapToRegistry   spec: 'latest',
67 silly mapToRegistry   type: 'tag' }
68 silly mapToRegistry uri https://registry.npmjs.org/react
69 verbose addNameRange registry:https://registry.npmjs.org/react not in flight; fetching
70 verbose get https://registry.npmjs.org/react not expired, no request
71 silly addNameRange number 2 { name: 'react', range: '>=15.0.1 <16.0.0', hasData: true }
72 silly addNameRange versions [ 'react',
72 silly addNameRange   [ '0.0.1',
72 silly addNameRange     '0.0.2',
72 silly addNameRange     '0.0.3',
72 silly addNameRange     '0.1.2',
72 silly addNameRange     '0.2.0',
72 silly addNameRange     '0.2.1',
72 silly addNameRange     '0.2.2',
72 silly addNameRange     '0.2.3',
72 silly addNameRange     '0.2.4',
72 silly addNameRange     '0.2.5',
72 silly addNameRange     '0.2.6',
72 silly addNameRange     '0.3.0',
72 silly addNameRange     '0.3.4',
72 silly addNameRange     '0.3.5',
72 silly addNameRange     '0.5.0',
72 silly addNameRange     '0.5.1',
72 silly addNameRange     '0.5.2',
72 silly addNameRange     '0.6.0',
72 silly addNameRange     '0.6.1',
72 silly addNameRange     '0.6.2',
72 silly addNameRange     '0.6.3',
72 silly addNameRange     '0.7.0',
72 silly addNameRange     '0.7.1',
72 silly addNameRange     '0.8.0',
72 silly addNameRange     '0.9.0-rc1',
72 silly addNameRange     '0.9.0',
72 silly addNameRange     '0.10.0-rc1',
72 silly addNameRange     '0.10.0',
72 silly addNameRange     '0.11.0-rc1',
72 silly addNameRange     '0.11.0',
72 silly addNameRange     '0.11.1',
72 silly addNameRange     '0.11.2',
72 silly addNameRange     '0.12.0-rc1',
72 silly addNameRange     '0.12.0',
72 silly addNameRange     '0.12.1',
72 silly addNameRange     '0.12.2',
72 silly addNameRange     '0.13.0-alpha.1',
72 silly addNameRange     '0.13.0-alpha.2',
72 silly addNameRange     '0.13.0-beta.1',
72 silly addNameRange     '0.13.0-beta.2',
72 silly addNameRange     '0.13.0-rc1',
72 silly addNameRange     '0.13.0-rc2',
72 silly addNameRange     '0.13.0',
72 silly addNameRange     '0.13.1',
72 silly addNameRange     '0.13.2',
72 silly addNameRange     '0.13.3',
72 silly addNameRange     '0.14.0-alpha1',
72 silly addNameRange     '0.14.0-alpha2',
72 silly addNameRange     '0.14.0-alpha3',
72 silly addNameRange     '0.14.0-beta1',
72 silly addNameRange     '0.14.0-beta2',
72 silly addNameRange     '0.14.0-beta3',
72 silly addNameRange     '0.14.0-rc1',
72 silly addNameRange     '0.14.0',
72 silly addNameRange     '0.14.1',
72 silly addNameRange     '0.14.2',
72 silly addNameRange     '0.14.3',
72 silly addNameRange     '0.14.4',
72 silly addNameRange     '0.14.5',
72 silly addNameRange     '0.14.6',
72 silly addNameRange     '0.15.0-alpha.1',
72 silly addNameRange     '0.14.7',
72 silly addNameRange     '15.0.0-rc.1',
72 silly addNameRange     '15.0.0-rc.2',
72 silly addNameRange     '0.14.8',
72 silly addNameRange     '15.0.0',
72 silly addNameRange     '15.0.1',
72 silly addNameRange     '15.0.2-alpha.1',
72 silly addNameRange     '15.0.2-alpha.2',
72 silly addNameRange     '15.0.2-alpha.3',
72 silly addNameRange     '15.0.2-alpha.4',
72 silly addNameRange     '15.0.2',
72 silly addNameRange     '15.0.3-alpha.1',
72 silly addNameRange     '15.0.3-alpha.2',
72 silly addNameRange     '15.1.0-alpha.1',
72 silly addNameRange     '15.1.0',
72 silly addNameRange     '15.2.0-rc.1',
72 silly addNameRange     '15.2.0-rc.2',
72 silly addNameRange     '15.2.0',
72 silly addNameRange     '15.2.1',
72 silly addNameRange     '15.3.0-rc.1',
72 silly addNameRange     '15.3.0-rc.2',
72 silly addNameRange     '15.3.0-rc.3',
72 silly addNameRange     '15.3.0',
72 silly addNameRange     '15.3.1-rc.1',
72 silly addNameRange     '15.3.1-rc.2',
72 silly addNameRange     '15.3.1',
72 silly addNameRange     '15.3.2-rc.1',
72 silly addNameRange     '15.3.2',
72 silly addNameRange     '15.4.0-rc.1',
72 silly addNameRange     '15.4.0-rc.2',
72 silly addNameRange     '15.4.0-rc.3',
72 silly addNameRange     '15.4.0-rc.4',
72 silly addNameRange     '15.4.0',
72 silly addNameRange     '15.4.1',
72 silly addNameRange     '15.4.2',
72 silly addNameRange     '16.0.0-alpha',
72 silly addNameRange     '16.0.0-alpha.0',
72 silly addNameRange     '16.0.0-alpha.2',
72 silly addNameRange     '16.0.0-alpha.3',
72 silly addNameRange     ... 31 more items ] ]
73 silly addNamed react@15.6.2
74 verbose addNamed "15.6.2" is a plain semver version for react
75 silly mapToRegistry name react
76 silly mapToRegistry using default registry
77 silly mapToRegistry registry https://registry.npmjs.org/
78 silly mapToRegistry data Result {
78 silly mapToRegistry   raw: 'react',
78 silly mapToRegistry   scope: null,
78 silly mapToRegistry   escapedName: 'react',
78 silly mapToRegistry   name: 'react',
78 silly mapToRegistry   rawSpec: '',
78 silly mapToRegistry   spec: 'latest',
78 silly mapToRegistry   type: 'tag' }
79 silly mapToRegistry uri https://registry.npmjs.org/react
80 verbose addRemoteTarball https://registry.npmjs.org/react/-/react-15.6.2.tgz not in flight; adding
81 verbose addRemoteTarball [ 'https://registry.npmjs.org/react/-/react-15.6.2.tgz',
81 verbose addRemoteTarball   'dba0434ab439cfe82f108f0f511663908179aa72' ]
82 info retry fetch attempt 1 at 3:59:25 PM
83 info attempt registry request try #1 at 3:59:25 PM
84 http fetch GET https://registry.npmjs.org/react/-/react-15.6.2.tgz
85 http fetch 200 https://registry.npmjs.org/react/-/react-15.6.2.tgz
86 silly fetchAndShaCheck shasum dba0434ab439cfe82f108f0f511663908179aa72
87 verbose addTmpTarball /var/folders/6n/fvz6tqkn71nbr5qrpr_c40600000gn/T/npm-2536-6547c848/registry.npmjs.org/react/-/react-15.6.2.tgz not in flight; adding
88 verbose addTmpTarball already have metadata; skipping unpack for react@15.6.2
89 verbose correctMkdir /Users/alex/.npm correctMkdir not in flight; initializing
90 silly cache afterAdd react@15.6.2
91 verbose afterAdd /Users/alex/.npm/react/15.6.2/package/package.json not in flight; writing
92 verbose correctMkdir /Users/alex/.npm correctMkdir not in flight; initializing
93 verbose afterAdd /Users/alex/.npm/react/15.6.2/package/package.json written
94 silly fetchPackageMetaData Error: connect ETIMEDOUT 151.101.76.162:443
94 silly fetchPackageMetaData     at Object.exports._errnoException (util.js:1018:11)
94 silly fetchPackageMetaData     at exports._exceptionWithHostPort (util.js:1041:20)
94 silly fetchPackageMetaData     at TCPConnectWrap.afterConnect [as oncomplete] (net.js:1086:14)
94 silly fetchPackageMetaData  error for classnames@^2.2.5 { Error: connect ETIMEDOUT 151.101.76.162:443
94 silly fetchPackageMetaData     at Object.exports._errnoException (util.js:1018:11)
94 silly fetchPackageMetaData     at exports._exceptionWithHostPort (util.js:1041:20)
94 silly fetchPackageMetaData     at TCPConnectWrap.afterConnect [as oncomplete] (net.js:1086:14)
94 silly fetchPackageMetaData   code: 'ETIMEDOUT',
94 silly fetchPackageMetaData   errno: 'ETIMEDOUT',
94 silly fetchPackageMetaData   syscall: 'connect',
94 silly fetchPackageMetaData   address: '151.101.76.162',
94 silly fetchPackageMetaData   port: 443 }
95 silly rollbackFailedOptional Starting
96 silly rollbackFailedOptional Finishing
97 silly runTopLevelLifecycles Finishing
98 silly install printInstalled
99 verbose stack Error: connect ETIMEDOUT 151.101.76.162:443
99 verbose stack     at Object.exports._errnoException (util.js:1018:11)
99 verbose stack     at exports._exceptionWithHostPort (util.js:1041:20)
99 verbose stack     at TCPConnectWrap.afterConnect [as oncomplete] (net.js:1086:14)
100 verbose cwd /Users/alex/Desktop/myComputer/work/tuya/uploader
101 error Darwin 16.7.0
102 error argv "/usr/local/bin/node" "/usr/local/bin/npm" "i"
103 error node v6.10.3
104 error npm  v3.10.10
105 error code ETIMEDOUT
106 error errno ETIMEDOUT
107 error syscall connect
108 error network connect ETIMEDOUT 151.101.76.162:443
109 error network This is most likely not a problem with npm itself
109 error network and is related to network connectivity.
109 error network In most cases you are behind a proxy or have bad network settings.
109 error network
109 error network If you are behind a proxy, please make sure that the
109 error network 'proxy' config is set properly.  See: 'npm help config'
110 verbose exit [ 1, true ]
